<?xml version="1.0" encoding="UTF-8" ?>
<testsuite tests="5" failures="0" name="TestSuite" time="131.45" errors="0" skipped="0">
  <properties>
[...]
</properties>
  <testcase classname="com.bunnycart.TestRunner.S1CreateNG" name="runScenario" time="31.775"/>
  <testcase classname="com.bunnycart.TestRunner.S2SiginaddcartNG" name="runScenario" time="27.041"/>
  <testcase classname="com.bunnycart.TestRunner.S3ValidInvalidSiginNG" name="runScenario" time="20.693"/>
  <testcase classname="com.bunnycart.TestRunner.S4AddProductsNG" name="runScenario" time="33.358"/>
  <testcase classname="com.bunnycart.TestRunner.S5SignoutNG" name="runScenario" time="16.892"/>
</testsuite>